<?xml version="1.0" encoding="UTF-8"?>
<testng-results skipped="0" failed="0" ignored="0" total="2" passed="2">
  <reporter-output>
  </reporter-output>
  <suite name="Suite" duration-ms="28104" started-at="2019-03-17T12:35:49Z" finished-at="2019-03-17T12:36:17Z">
    <groups>
    </groups>
    <test name="Test1" duration-ms="15493" started-at="2019-03-17T12:35:49Z" finished-at="2019-03-17T12:36:04Z">
      <class name="sampleGitTest.SampleGitTest">
        <test-method status="PASS" signature="loginTest()[pri:0, instance:sampleGitTest.SampleGitTest@51e2adc7]" name="loginTest" duration-ms="15450" started-at="2019-03-17T18:05:49Z" finished-at="2019-03-17T18:06:04Z">
          <reporter-output>
          </reporter-output>
        </test-method> <!-- loginTest -->
      </class> <!-- sampleGitTest.SampleGitTest -->
    </test> <!-- Test1 -->
    <test name="Test2" duration-ms="12542" started-at="2019-03-17T12:36:04Z" finished-at="2019-03-17T12:36:17Z">
      <class name="sampleGitTest.SampleGitTest2">
        <test-method status="PASS" signature="loginTest()[pri:0, instance:sampleGitTest.SampleGitTest2@5f3a4b84]" name="loginTest" duration-ms="12538" started-at="2019-03-17T18:06:04Z" finished-at="2019-03-17T18:06:17Z">
          <reporter-output>
          </reporter-output>
        </test-method> <!-- loginTest -->
      </class> <!-- sampleGitTest.SampleGitTest2 -->
    </test> <!-- Test2 -->
  </suite> <!-- Suite -->
</testng-results>
